[2025-10-28 11:01:38,852] [INFO] Created new engine for 'yeosu_wifi'
[2025-10-28 11:07:13,822] [INFO] Running query on 'yeosu_wifi': SELECT * FROM ap.log_summary...
[2025-10-28 11:07:25,854] [INFO] Query returned 712303 rows.
[2025-10-28 11:07:25,855] [INFO] Running query on 'yeosu_wifi': SELECT * FROM ap.location_info...
[2025-10-28 11:07:25,873] [INFO] Query returned 1626 rows.
[2025-10-28 11:34:35,265] [INFO] Running query on 'yeosu_wifi': SELECT * FROM ap.basic_info...
[2025-10-28 11:34:35,282] [INFO] Query returned 1656 rows.
[2025-10-28 11:34:55,023] [INFO] Running query on 'yeosu_wifi': SELECT * FROM ap.log_summary...
[2025-10-28 11:35:05,502] [INFO] Query returned 712303 rows.
[2025-10-28 11:35:05,504] [INFO] Running query on 'yeosu_wifi': SELECT * FROM ap.basic_info...
[2025-10-28 11:35:05,520] [INFO] Query returned 1656 rows.
[2025-10-28 12:57:31,119] [INFO] Created new engine for 'yeosu_wifi'
[2025-10-28 12:57:31,121] [INFO] Running query on 'yeosu_wifi': SELECT * FROM ap.log_summary...
[2025-10-28 12:57:42,614] [INFO] Query returned 712303 rows.
[2025-10-28 12:57:42,615] [INFO] Running query on 'yeosu_wifi': SELECT * FROM ap.basic_info...
[2025-10-28 12:57:42,632] [INFO] Query returned 1656 rows.
[2025-10-28 15:00:19,233] [INFO] Created new engine for 'yeosu_wifi'
[2025-10-28 15:00:19,235] [INFO] Running query on 'yeosu_wifi': SELECT * FROM ap.log_summary...
[2025-10-28 15:00:30,632] [INFO] Query returned 712303 rows.
[2025-10-28 15:00:30,634] [INFO] Running query on 'yeosu_wifi': SELECT * FROM ap.basic_info...
[2025-10-28 15:00:30,656] [INFO] Query returned 1656 rows.
[2025-10-28 16:41:47,091] [INFO] Running query on 'yeosu_wifi': SELECT std_date,ap_id,cnt,dong_nm, detail_address,location FROM ap.log_summary...
[2025-10-28 16:41:56,941] [INFO] Query returned 712303 rows.
[2025-10-28 16:41:56,942] [INFO] Running query on 'yeosu_wifi': SELECT * FROM ap.basic_info...
[2025-10-28 16:41:56,959] [INFO] Query returned 1656 rows.
[2025-10-28 17:25:36,387] [INFO] Created new engine for 'yeosu_wifi'
[2025-10-28 17:25:49,926] [INFO] Running query on 'yeosu_wifi': SELECT std_date,ap_id,cnt,dong_nm, detail_address,location FROM ap.log_summary...
[2025-10-28 17:26:01,480] [INFO] Query returned 712303 rows.
[2025-10-28 17:26:01,482] [INFO] Running query on 'yeosu_wifi': SELECT * FROM ap.basic_info...
[2025-10-28 17:26:01,498] [INFO] Query returned 1656 rows.
[2025-10-29 09:07:19,939] [INFO] Created new engine for 'yeosu_wifi'
[2025-10-29 09:07:19,941] [INFO] Running query on 'yeosu_wifi': SELECT std_date,ap_id,cnt,dong_nm, detail_address,location FROM ap.log_summary...
[2025-10-29 09:07:30,047] [INFO] Query returned 712303 rows.
[2025-10-29 09:07:30,049] [INFO] Running query on 'yeosu_wifi': SELECT * FROM ap.basic_info...
[2025-10-29 09:07:30,066] [INFO] Query returned 1656 rows.
[2025-10-29 14:30:11,022] [INFO] Running query on 'yeosu_wifi': SELECT std_date,ap_id,cnt,dong_nm, detail_address,location FROM ap.log_summary...
[2025-10-29 14:30:21,115] [INFO] Query returned 712303 rows.
[2025-10-29 14:34:55,064] [INFO] Running query on 'yeosu_wifi': SELECT std_date,cnt FROM ap.log_summary where std_date::date >= 2025-09-01...
[2025-10-29 14:35:11,022] [INFO] Running query on 'yeosu_wifi': SELECT std_date,cnt FROM ap.log_summary where std_date::date >= '2025-09-01'...
[2025-10-29 14:36:18,022] [INFO] Running query on 'yeosu_wifi': SELECT std_date,cnt FROM ap.log_summary where LEFT(std_date, 10)::date >= '2025-...
[2025-10-29 14:36:26,930] [INFO] Query returned 606858 rows.
[2025-10-29 14:40:10,029] [INFO] Running query on 'yeosu_wifi': SELECT std_date,cnt as acs_cnt FROM ap.log_summary where LEFT(std_date, 10)::dat...
[2025-10-29 14:40:18,376] [INFO] Query returned 606858 rows.
[2025-10-29 14:40:52,097] [INFO] Running query on 'yeosu_wifi': SELECT ap_id, std_date,cnt as acs_cnt FROM ap.log_summary where LEFT(std_date, 1...
[2025-10-29 14:41:01,110] [INFO] Query returned 606858 rows.
[2025-10-29 14:43:30,026] [INFO] Running query on 'yeosu_wifi': SELECT ap_id,std_date,cnt as acs_cnt FROM ap.log_summary where LEFT(std_date, 10...
[2025-10-29 14:43:37,884] [INFO] Query returned 606858 rows.
[2025-10-29 14:43:53,250] [INFO] Running query on 'yeosu_wifi': SELECT ap_id,std_date,cnt as acs_cnt FROM ap.log_summary where LEFT(std_date, 10...
[2025-10-29 14:44:02,090] [INFO] Query returned 606858 rows.
[2025-10-29 14:44:45,027] [INFO] Running query on 'yeosu_wifi': SELECT ap_id,std_date,cnt as acs_cnt FROM ap.log_summary where LEFT(std_date, 10...
[2025-10-29 14:44:53,568] [INFO] Query returned 606858 rows.
[2025-10-29 14:46:37,240] [INFO] Running query on 'yeosu_wifi': 
    SELECT ap_id, std_date, cnt AS acs_cnt
    FROM ap.log_summary 
    WHERE L...
[2025-10-29 14:46:46,259] [INFO] Query returned 606858 rows.
[2025-10-29 14:55:37,435] [INFO] Running query on 'yeosu_wifi': 
    SELECT ap_id, std_date, cnt AS acs_cnt
    FROM ap.log_summary
    WHERE LE...
[2025-10-29 14:55:45,903] [INFO] Query returned 606858 rows.
[2025-10-29 19:52:35,048] [INFO] Created new engine for 'yeosu_wifi'
[2025-10-29 19:52:35,050] [INFO] Running query on 'yeosu_wifi': SELECT std_date,ap_id,cnt,dong_nm, detail_address,location FROM ap.log_summary...
[2025-10-29 19:52:45,203] [INFO] Query returned 712303 rows.
[2025-10-29 19:52:45,204] [INFO] Running query on 'yeosu_wifi': SELECT * FROM ap.basic_info...
[2025-10-29 19:52:45,221] [INFO] Query returned 1656 rows.
[2025-11-03 10:27:42,897] [INFO] Created new engine for 'yeosu_wifi'
[2025-11-03 10:27:42,903] [INFO] Running query on 'yeosu_wifi': SELECT std_date,ap_id,cnt,dong_nm, detail_address,location FROM ap.log_summary...
[2025-11-03 10:27:53,774] [INFO] Query returned 712303 rows.
[2025-11-03 10:27:53,776] [INFO] Running query on 'yeosu_wifi': SELECT * FROM ap.basic_info...
[2025-11-03 10:27:53,794] [INFO] Query returned 1656 rows.
[2025-11-03 10:27:53,800] [INFO] Running query on 'yeosu_wifi': 
    SELECT ap_id, std_date, cnt AS acs_cnt
    FROM ap.log_summary
    WHERE LE...
[2025-11-03 10:28:01,983] [INFO] Query returned 606858 rows.
[2025-11-03 10:38:22,825] [INFO] Running query on 'yeosu_wifi': 
    SELECT ap_id, std_date, cnt AS acs_cnt
    FROM ap.log_summary
    WHERE LE...
[2025-11-03 10:38:31,472] [INFO] Query returned 606858 rows.
[2025-11-03 14:54:07,080] [INFO] Running query on 'yeosu_wifi': 
    SELECT ap_id, std_date, cnt AS acs_cnt
    FROM ap.log_summary
    WHERE LE...
[2025-11-03 14:54:15,984] [INFO] Query returned 606858 rows.
[2025-11-03 14:54:39,043] [INFO] Running query on 'yeosu_wifi': 
    SELECT ap_id, std_date, cnt AS acs_cnt
    FROM ap.log_summary
    WHERE LE...
[2025-11-03 14:54:47,801] [INFO] Query returned 606858 rows.
